10/04 08:40:17:155 log INFO  invoke0              -2   Logging to Logger[org.mortbay.log] via org.mortbay.log.Slf4jLog
10/04 08:40:17:169 log INFO  invoke0              -2   jetty-6.1.14
10/04 08:40:17:184 log INFO  invoke0              -2   Started SocketConnector@0.0.0.0:8080
10/04 08:40:22:109 log ERROR invoke0              -2   EXCEPTION 
java.lang.NullPointerException: null
	at ring.middleware.session$wrap_session$fn__5054.invoke(session.clj:47) ~[na:na]
	at ring.middleware.cookies$wrap_cookies$fn__3935.invoke(cookies.clj:123) ~[na:na]
	at clojure.lang.Var.invoke(Var.java:365) ~[clojure-1.2.0.jar:na]
	at ring.middleware.file$wrap_file$fn__5083.invoke(file.clj:28) ~[na:na]
	at ring.middleware.file_info$wrap_file_info$fn__5073.invoke(file_info.clj:100) ~[na:na]
	at ring.adapter.jetty$proxy_handler$fn__4958.invoke(jetty.clj:16) ~[na:na]
	at ring.adapter.jetty.proxy$org.mortbay.jetty.handler.AbstractHandler$0.handle(Unknown Source) ~[na:na]
	at org.mortbay.jetty.handler.HandlerWrapper.handle(HandlerWrapper.java:152) ~[jetty-6.1.14.jar:6.1.14]
	at org.mortbay.jetty.Server.handle(Server.java:324) ~[jetty-6.1.14.jar:6.1.14]
	at org.mortbay.jetty.HttpConnection.handleRequest(HttpConnection.java:534) ~[jetty-6.1.14.jar:6.1.14]
	at org.mortbay.jetty.HttpConnection$RequestHandler.headerComplete(HttpConnection.java:864) ~[jetty-6.1.14.jar:6.1.14]
	at org.mortbay.jetty.HttpParser.parseNext(HttpParser.java:533) ~[jetty-6.1.14.jar:6.1.14]
	at org.mortbay.jetty.HttpParser.parseAvailable(HttpParser.java:207) ~[jetty-6.1.14.jar:6.1.14]
	at org.mortbay.jetty.HttpConnection.handle(HttpConnection.java:403) ~[jetty-6.1.14.jar:6.1.14]
	at org.mortbay.jetty.bio.SocketConnector$Connection.run(SocketConnector.java:228) [jetty-6.1.14.jar:6.1.14]
	at org.mortbay.thread.QueuedThreadPool$PoolThread.run(QueuedThreadPool.java:522) [jetty-util-6.1.14.jar:6.1.14]
10/04 08:41:47:397 log ERROR invoke0              -2   EXCEPTION 
java.lang.NullPointerException: null
	at ring.middleware.session$wrap_session$fn__5054.invoke(session.clj:47) ~[na:na]
	at ring.middleware.cookies$wrap_cookies$fn__3935.invoke(cookies.clj:123) ~[na:na]
	at clojure.lang.Var.invoke(Var.java:365) ~[clojure-1.2.0.jar:na]
	at ring.middleware.file$wrap_file$fn__5083.invoke(file.clj:28) ~[na:na]
	at ring.middleware.file_info$wrap_file_info$fn__5073.invoke(file_info.clj:100) ~[na:na]
	at ring.adapter.jetty$proxy_handler$fn__4958.invoke(jetty.clj:16) ~[na:na]
	at ring.adapter.jetty.proxy$org.mortbay.jetty.handler.AbstractHandler$0.handle(Unknown Source) ~[na:na]
	at org.mortbay.jetty.handler.HandlerWrapper.handle(HandlerWrapper.java:152) ~[jetty-6.1.14.jar:6.1.14]
	at org.mortbay.jetty.Server.handle(Server.java:324) ~[jetty-6.1.14.jar:6.1.14]
	at org.mortbay.jetty.HttpConnection.handleRequest(HttpConnection.java:534) ~[jetty-6.1.14.jar:6.1.14]
	at org.mortbay.jetty.HttpConnection$RequestHandler.headerComplete(HttpConnection.java:864) ~[jetty-6.1.14.jar:6.1.14]
	at org.mortbay.jetty.HttpParser.parseNext(HttpParser.java:533) ~[jetty-6.1.14.jar:6.1.14]
	at org.mortbay.jetty.HttpParser.parseAvailable(HttpParser.java:207) ~[jetty-6.1.14.jar:6.1.14]
	at org.mortbay.jetty.HttpConnection.handle(HttpConnection.java:403) ~[jetty-6.1.14.jar:6.1.14]
	at org.mortbay.jetty.bio.SocketConnector$Connection.run(SocketConnector.java:228) [jetty-6.1.14.jar:6.1.14]
	at org.mortbay.thread.QueuedThreadPool$PoolThread.run(QueuedThreadPool.java:522) [jetty-util-6.1.14.jar:6.1.14]
10/04 08:45:20:406 log ERROR invoke0              -2   EXCEPTION 
java.lang.NullPointerException: null
	at ring.middleware.session$wrap_session$fn__5054.invoke(session.clj:47) ~[na:na]
	at ring.middleware.cookies$wrap_cookies$fn__3935.invoke(cookies.clj:123) ~[na:na]
	at clojure.lang.Var.invoke(Var.java:365) ~[clojure-1.2.0.jar:na]
	at ring.middleware.file$wrap_file$fn__5083.invoke(file.clj:28) ~[na:na]
	at ring.middleware.file_info$wrap_file_info$fn__5073.invoke(file_info.clj:100) ~[na:na]
	at ring.adapter.jetty$proxy_handler$fn__4958.invoke(jetty.clj:16) ~[na:na]
	at ring.adapter.jetty.proxy$org.mortbay.jetty.handler.AbstractHandler$0.handle(Unknown Source) ~[na:na]
	at org.mortbay.jetty.handler.HandlerWrapper.handle(HandlerWrapper.java:152) ~[jetty-6.1.14.jar:6.1.14]
	at org.mortbay.jetty.Server.handle(Server.java:324) ~[jetty-6.1.14.jar:6.1.14]
	at org.mortbay.jetty.HttpConnection.handleRequest(HttpConnection.java:534) ~[jetty-6.1.14.jar:6.1.14]
	at org.mortbay.jetty.HttpConnection$RequestHandler.headerComplete(HttpConnection.java:864) ~[jetty-6.1.14.jar:6.1.14]
	at org.mortbay.jetty.HttpParser.parseNext(HttpParser.java:533) ~[jetty-6.1.14.jar:6.1.14]
	at org.mortbay.jetty.HttpParser.parseAvailable(HttpParser.java:207) ~[jetty-6.1.14.jar:6.1.14]
	at org.mortbay.jetty.HttpConnection.handle(HttpConnection.java:403) ~[jetty-6.1.14.jar:6.1.14]
	at org.mortbay.jetty.bio.SocketConnector$Connection.run(SocketConnector.java:228) [jetty-6.1.14.jar:6.1.14]
	at org.mortbay.thread.QueuedThreadPool$PoolThread.run(QueuedThreadPool.java:522) [jetty-util-6.1.14.jar:6.1.14]
10/10 03:01:58:001 log INFO  invoke0              -2   Logging to Logger[org.mortbay.log] via org.mortbay.log.Slf4jLog
10/10 03:01:58:022 log INFO  invoke0              -2   jetty-6.1.14
10/10 03:01:58:051 log INFO  invoke0              -2   Started SocketConnector@0.0.0.0:8080
10/10 03:01:58:507 log ERROR invoke0              -2   EXCEPTION 
java.lang.NullPointerException: null
	at ring.middleware.session$wrap_session$fn__6696.invoke(session.clj:47) ~[na:na]
	at ring.middleware.cookies$wrap_cookies$fn__5577.invoke(cookies.clj:123) ~[na:na]
	at clojure.lang.Var.invoke(Var.java:365) ~[clojure-1.2.0.jar:na]
	at ring.middleware.file$wrap_file$fn__6725.invoke(file.clj:28) ~[na:na]
	at ring.middleware.file_info$wrap_file_info$fn__6715.invoke(file_info.clj:100) ~[na:na]
	at ring.adapter.jetty$proxy_handler$fn__6600.invoke(jetty.clj:16) ~[na:na]
	at ring.adapter.jetty.proxy$org.mortbay.jetty.handler.AbstractHandler$0.handle(Unknown Source) ~[na:na]
	at org.mortbay.jetty.handler.HandlerWrapper.handle(HandlerWrapper.java:152) ~[jetty-6.1.14.jar:6.1.14]
	at org.mortbay.jetty.Server.handle(Server.java:324) ~[jetty-6.1.14.jar:6.1.14]
	at org.mortbay.jetty.HttpConnection.handleRequest(HttpConnection.java:534) ~[jetty-6.1.14.jar:6.1.14]
	at org.mortbay.jetty.HttpConnection$RequestHandler.headerComplete(HttpConnection.java:864) ~[jetty-6.1.14.jar:6.1.14]
	at org.mortbay.jetty.HttpParser.parseNext(HttpParser.java:533) ~[jetty-6.1.14.jar:6.1.14]
	at org.mortbay.jetty.HttpParser.parseAvailable(HttpParser.java:207) ~[jetty-6.1.14.jar:6.1.14]
	at org.mortbay.jetty.HttpConnection.handle(HttpConnection.java:403) ~[jetty-6.1.14.jar:6.1.14]
	at org.mortbay.jetty.bio.SocketConnector$Connection.run(SocketConnector.java:228) [jetty-6.1.14.jar:6.1.14]
	at org.mortbay.thread.QueuedThreadPool$PoolThread.run(QueuedThreadPool.java:522) [jetty-util-6.1.14.jar:6.1.14]
10/10 03:07:15:760 log ERROR invoke0              -2   EXCEPTION 
java.lang.ClassCastException: clojure.lang.LazySeq cannot be cast to clojure.lang.IFn
	at sudoku.core$handle_hint2.invoke(core.clj:84) ~[na:na]
	at sudoku.core$fn__8382$fn__8383.invoke(core.clj:101) ~[na:na]
	at compojure.core$routes$fn__5785$fn__5786.invoke(core.clj:72) ~[na:na]
	at clojure.core$some.invoke(core.clj:2053) ~[clojure-1.2.0.jar:na]
	at compojure.core$routes$fn__5785.invoke(core.clj:72) ~[na:na]
	at ring.middleware.params$wrap_params$fn__5481.invoke(params.clj:77) ~[na:na]
	at ring.middleware.cookies$wrap_cookies$fn__5577.invoke(cookies.clj:123) ~[na:na]
	at ring.middleware.session$wrap_session$fn__6696.invoke(session.clj:39) ~[na:na]
	at ring.middleware.cookies$wrap_cookies$fn__5577.invoke(cookies.clj:123) ~[na:na]
	at clojure.lang.Var.invoke(Var.java:365) ~[clojure-1.2.0.jar:na]
	at ring.middleware.file$wrap_file$fn__6725.invoke(file.clj:23) ~[na:na]
	at ring.middleware.file_info$wrap_file_info$fn__6715.invoke(file_info.clj:100) ~[na:na]
	at ring.adapter.jetty$proxy_handler$fn__6600.invoke(jetty.clj:16) ~[na:na]
	at ring.adapter.jetty.proxy$org.mortbay.jetty.handler.AbstractHandler$0.handle(Unknown Source) ~[na:na]
	at org.mortbay.jetty.handler.HandlerWrapper.handle(HandlerWrapper.java:152) ~[jetty-6.1.14.jar:6.1.14]
	at org.mortbay.jetty.Server.handle(Server.java:324) ~[jetty-6.1.14.jar:6.1.14]
	at org.mortbay.jetty.HttpConnection.handleRequest(HttpConnection.java:534) ~[jetty-6.1.14.jar:6.1.14]
	at org.mortbay.jetty.HttpConnection$RequestHandler.headerComplete(HttpConnection.java:864) ~[jetty-6.1.14.jar:6.1.14]
	at org.mortbay.jetty.HttpParser.parseNext(HttpParser.java:533) ~[jetty-6.1.14.jar:6.1.14]
	at org.mortbay.jetty.HttpParser.parseAvailable(HttpParser.java:207) ~[jetty-6.1.14.jar:6.1.14]
	at org.mortbay.jetty.HttpConnection.handle(HttpConnection.java:403) ~[jetty-6.1.14.jar:6.1.14]
	at org.mortbay.jetty.bio.SocketConnector$Connection.run(SocketConnector.java:228) [jetty-6.1.14.jar:6.1.14]
	at org.mortbay.thread.QueuedThreadPool$PoolThread.run(QueuedThreadPool.java:522) [jetty-util-6.1.14.jar:6.1.14]
10/10 03:07:18:779 log ERROR invoke0              -2   EXCEPTION 
java.lang.NullPointerException: null
	at ring.middleware.session$wrap_session$fn__6696.invoke(session.clj:47) ~[na:na]
	at ring.middleware.cookies$wrap_cookies$fn__5577.invoke(cookies.clj:123) ~[na:na]
	at clojure.lang.Var.invoke(Var.java:365) ~[clojure-1.2.0.jar:na]
	at ring.middleware.file$wrap_file$fn__6725.invoke(file.clj:28) ~[na:na]
	at ring.middleware.file_info$wrap_file_info$fn__6715.invoke(file_info.clj:100) ~[na:na]
	at ring.adapter.jetty$proxy_handler$fn__6600.invoke(jetty.clj:16) ~[na:na]
	at ring.adapter.jetty.proxy$org.mortbay.jetty.handler.AbstractHandler$0.handle(Unknown Source) ~[na:na]
	at org.mortbay.jetty.handler.HandlerWrapper.handle(HandlerWrapper.java:152) ~[jetty-6.1.14.jar:6.1.14]
	at org.mortbay.jetty.Server.handle(Server.java:324) ~[jetty-6.1.14.jar:6.1.14]
	at org.mortbay.jetty.HttpConnection.handleRequest(HttpConnection.java:534) ~[jetty-6.1.14.jar:6.1.14]
	at org.mortbay.jetty.HttpConnection$RequestHandler.headerComplete(HttpConnection.java:864) ~[jetty-6.1.14.jar:6.1.14]
	at org.mortbay.jetty.HttpParser.parseNext(HttpParser.java:533) ~[jetty-6.1.14.jar:6.1.14]
	at org.mortbay.jetty.HttpParser.parseAvailable(HttpParser.java:207) ~[jetty-6.1.14.jar:6.1.14]
	at org.mortbay.jetty.HttpConnection.handle(HttpConnection.java:403) ~[jetty-6.1.14.jar:6.1.14]
	at org.mortbay.jetty.bio.SocketConnector$Connection.run(SocketConnector.java:228) [jetty-6.1.14.jar:6.1.14]
	at org.mortbay.thread.QueuedThreadPool$PoolThread.run(QueuedThreadPool.java:522) [jetty-util-6.1.14.jar:6.1.14]
10/10 03:07:20:221 log ERROR invoke0              -2   EXCEPTION 
java.lang.ClassCastException: clojure.lang.LazySeq cannot be cast to clojure.lang.IFn
	at sudoku.core$handle_hint2.invoke(core.clj:84) ~[na:na]
	at sudoku.core$fn__8382$fn__8383.invoke(core.clj:101) ~[na:na]
	at compojure.core$routes$fn__5785$fn__5786.invoke(core.clj:72) ~[na:na]
	at clojure.core$some.invoke(core.clj:2053) ~[clojure-1.2.0.jar:na]
	at compojure.core$routes$fn__5785.invoke(core.clj:72) ~[na:na]
	at ring.middleware.params$wrap_params$fn__5481.invoke(params.clj:77) ~[na:na]
	at ring.middleware.cookies$wrap_cookies$fn__5577.invoke(cookies.clj:123) ~[na:na]
	at ring.middleware.session$wrap_session$fn__6696.invoke(session.clj:39) ~[na:na]
	at ring.middleware.cookies$wrap_cookies$fn__5577.invoke(cookies.clj:123) ~[na:na]
	at clojure.lang.Var.invoke(Var.java:365) ~[clojure-1.2.0.jar:na]
	at ring.middleware.file$wrap_file$fn__6725.invoke(file.clj:23) ~[na:na]
	at ring.middleware.file_info$wrap_file_info$fn__6715.invoke(file_info.clj:100) ~[na:na]
	at ring.adapter.jetty$proxy_handler$fn__6600.invoke(jetty.clj:16) ~[na:na]
	at ring.adapter.jetty.proxy$org.mortbay.jetty.handler.AbstractHandler$0.handle(Unknown Source) ~[na:na]
	at org.mortbay.jetty.handler.HandlerWrapper.handle(HandlerWrapper.java:152) ~[jetty-6.1.14.jar:6.1.14]
	at org.mortbay.jetty.Server.handle(Server.java:324) ~[jetty-6.1.14.jar:6.1.14]
	at org.mortbay.jetty.HttpConnection.handleRequest(HttpConnection.java:534) ~[jetty-6.1.14.jar:6.1.14]
	at org.mortbay.jetty.HttpConnection$RequestHandler.headerComplete(HttpConnection.java:864) ~[jetty-6.1.14.jar:6.1.14]
	at org.mortbay.jetty.HttpParser.parseNext(HttpParser.java:533) ~[jetty-6.1.14.jar:6.1.14]
	at org.mortbay.jetty.HttpParser.parseAvailable(HttpParser.java:207) ~[jetty-6.1.14.jar:6.1.14]
	at org.mortbay.jetty.HttpConnection.handle(HttpConnection.java:403) ~[jetty-6.1.14.jar:6.1.14]
	at org.mortbay.jetty.bio.SocketConnector$Connection.run(SocketConnector.java:228) [jetty-6.1.14.jar:6.1.14]
	at org.mortbay.thread.QueuedThreadPool$PoolThread.run(QueuedThreadPool.java:522) [jetty-util-6.1.14.jar:6.1.14]
10/10 03:07:22:413 log ERROR invoke0              -2   EXCEPTION 
java.lang.ClassCastException: clojure.lang.LazySeq cannot be cast to clojure.lang.IFn
	at sudoku.core$handle_hint2.invoke(core.clj:84) ~[na:na]
	at sudoku.core$fn__8382$fn__8383.invoke(core.clj:101) ~[na:na]
	at compojure.core$routes$fn__5785$fn__5786.invoke(core.clj:72) ~[na:na]
	at clojure.core$some.invoke(core.clj:2053) ~[clojure-1.2.0.jar:na]
	at compojure.core$routes$fn__5785.invoke(core.clj:72) ~[na:na]
	at ring.middleware.params$wrap_params$fn__5481.invoke(params.clj:77) ~[na:na]
	at ring.middleware.cookies$wrap_cookies$fn__5577.invoke(cookies.clj:123) ~[na:na]
	at ring.middleware.session$wrap_session$fn__6696.invoke(session.clj:39) ~[na:na]
	at ring.middleware.cookies$wrap_cookies$fn__5577.invoke(cookies.clj:123) ~[na:na]
	at clojure.lang.Var.invoke(Var.java:365) ~[clojure-1.2.0.jar:na]
	at ring.middleware.file$wrap_file$fn__6725.invoke(file.clj:23) ~[na:na]
	at ring.middleware.file_info$wrap_file_info$fn__6715.invoke(file_info.clj:100) ~[na:na]
	at ring.adapter.jetty$proxy_handler$fn__6600.invoke(jetty.clj:16) ~[na:na]
	at ring.adapter.jetty.proxy$org.mortbay.jetty.handler.AbstractHandler$0.handle(Unknown Source) ~[na:na]
	at org.mortbay.jetty.handler.HandlerWrapper.handle(HandlerWrapper.java:152) ~[jetty-6.1.14.jar:6.1.14]
	at org.mortbay.jetty.Server.handle(Server.java:324) ~[jetty-6.1.14.jar:6.1.14]
	at org.mortbay.jetty.HttpConnection.handleRequest(HttpConnection.java:534) ~[jetty-6.1.14.jar:6.1.14]
	at org.mortbay.jetty.HttpConnection$RequestHandler.headerComplete(HttpConnection.java:864) ~[jetty-6.1.14.jar:6.1.14]
	at org.mortbay.jetty.HttpParser.parseNext(HttpParser.java:533) ~[jetty-6.1.14.jar:6.1.14]
	at org.mortbay.jetty.HttpParser.parseAvailable(HttpParser.java:207) ~[jetty-6.1.14.jar:6.1.14]
	at org.mortbay.jetty.HttpConnection.handle(HttpConnection.java:403) ~[jetty-6.1.14.jar:6.1.14]
	at org.mortbay.jetty.bio.SocketConnector$Connection.run(SocketConnector.java:228) [jetty-6.1.14.jar:6.1.14]
	at org.mortbay.thread.QueuedThreadPool$PoolThread.run(QueuedThreadPool.java:522) [jetty-util-6.1.14.jar:6.1.14]
10/10 03:07:24:351 log ERROR invoke0              -2   EXCEPTION 
java.lang.ClassCastException: clojure.lang.LazySeq cannot be cast to clojure.lang.IFn
	at sudoku.core$handle_hint2.invoke(core.clj:84) ~[na:na]
	at sudoku.core$fn__8382$fn__8383.invoke(core.clj:101) ~[na:na]
	at compojure.core$routes$fn__5785$fn__5786.invoke(core.clj:72) ~[na:na]
	at clojure.core$some.invoke(core.clj:2053) ~[clojure-1.2.0.jar:na]
	at compojure.core$routes$fn__5785.invoke(core.clj:72) ~[na:na]
	at ring.middleware.params$wrap_params$fn__5481.invoke(params.clj:77) ~[na:na]
	at ring.middleware.cookies$wrap_cookies$fn__5577.invoke(cookies.clj:123) ~[na:na]
	at ring.middleware.session$wrap_session$fn__6696.invoke(session.clj:39) ~[na:na]
	at ring.middleware.cookies$wrap_cookies$fn__5577.invoke(cookies.clj:123) ~[na:na]
	at clojure.lang.Var.invoke(Var.java:365) ~[clojure-1.2.0.jar:na]
	at ring.middleware.file$wrap_file$fn__6725.invoke(file.clj:23) ~[na:na]
	at ring.middleware.file_info$wrap_file_info$fn__6715.invoke(file_info.clj:100) ~[na:na]
	at ring.adapter.jetty$proxy_handler$fn__6600.invoke(jetty.clj:16) ~[na:na]
	at ring.adapter.jetty.proxy$org.mortbay.jetty.handler.AbstractHandler$0.handle(Unknown Source) ~[na:na]
	at org.mortbay.jetty.handler.HandlerWrapper.handle(HandlerWrapper.java:152) ~[jetty-6.1.14.jar:6.1.14]
	at org.mortbay.jetty.Server.handle(Server.java:324) ~[jetty-6.1.14.jar:6.1.14]
	at org.mortbay.jetty.HttpConnection.handleRequest(HttpConnection.java:534) ~[jetty-6.1.14.jar:6.1.14]
	at org.mortbay.jetty.HttpConnection$RequestHandler.headerComplete(HttpConnection.java:864) ~[jetty-6.1.14.jar:6.1.14]
	at org.mortbay.jetty.HttpParser.parseNext(HttpParser.java:533) ~[jetty-6.1.14.jar:6.1.14]
	at org.mortbay.jetty.HttpParser.parseAvailable(HttpParser.java:207) ~[jetty-6.1.14.jar:6.1.14]
	at org.mortbay.jetty.HttpConnection.handle(HttpConnection.java:403) ~[jetty-6.1.14.jar:6.1.14]
	at org.mortbay.jetty.bio.SocketConnector$Connection.run(SocketConnector.java:228) [jetty-6.1.14.jar:6.1.14]
	at org.mortbay.thread.QueuedThreadPool$PoolThread.run(QueuedThreadPool.java:522) [jetty-util-6.1.14.jar:6.1.14]
10/10 03:07:24:962 log ERROR invoke0              -2   EXCEPTION 
java.lang.ClassCastException: clojure.lang.LazySeq cannot be cast to clojure.lang.IFn
	at sudoku.core$handle_hint2.invoke(core.clj:84) ~[na:na]
	at sudoku.core$fn__8382$fn__8383.invoke(core.clj:101) ~[na:na]
	at compojure.core$routes$fn__5785$fn__5786.invoke(core.clj:72) ~[na:na]
	at clojure.core$some.invoke(core.clj:2053) ~[clojure-1.2.0.jar:na]
	at compojure.core$routes$fn__5785.invoke(core.clj:72) ~[na:na]
	at ring.middleware.params$wrap_params$fn__5481.invoke(params.clj:77) ~[na:na]
	at ring.middleware.cookies$wrap_cookies$fn__5577.invoke(cookies.clj:123) ~[na:na]
	at ring.middleware.session$wrap_session$fn__6696.invoke(session.clj:39) ~[na:na]
	at ring.middleware.cookies$wrap_cookies$fn__5577.invoke(cookies.clj:123) ~[na:na]
	at clojure.lang.Var.invoke(Var.java:365) ~[clojure-1.2.0.jar:na]
	at ring.middleware.file$wrap_file$fn__6725.invoke(file.clj:23) ~[na:na]
	at ring.middleware.file_info$wrap_file_info$fn__6715.invoke(file_info.clj:100) ~[na:na]
	at ring.adapter.jetty$proxy_handler$fn__6600.invoke(jetty.clj:16) ~[na:na]
	at ring.adapter.jetty.proxy$org.mortbay.jetty.handler.AbstractHandler$0.handle(Unknown Source) ~[na:na]
	at org.mortbay.jetty.handler.HandlerWrapper.handle(HandlerWrapper.java:152) ~[jetty-6.1.14.jar:6.1.14]
	at org.mortbay.jetty.Server.handle(Server.java:324) ~[jetty-6.1.14.jar:6.1.14]
	at org.mortbay.jetty.HttpConnection.handleRequest(HttpConnection.java:534) ~[jetty-6.1.14.jar:6.1.14]
	at org.mortbay.jetty.HttpConnection$RequestHandler.headerComplete(HttpConnection.java:864) ~[jetty-6.1.14.jar:6.1.14]
	at org.mortbay.jetty.HttpParser.parseNext(HttpParser.java:533) ~[jetty-6.1.14.jar:6.1.14]
	at org.mortbay.jetty.HttpParser.parseAvailable(HttpParser.java:207) ~[jetty-6.1.14.jar:6.1.14]
	at org.mortbay.jetty.HttpConnection.handle(HttpConnection.java:403) ~[jetty-6.1.14.jar:6.1.14]
	at org.mortbay.jetty.bio.SocketConnector$Connection.run(SocketConnector.java:228) [jetty-6.1.14.jar:6.1.14]
	at org.mortbay.thread.QueuedThreadPool$PoolThread.run(QueuedThreadPool.java:522) [jetty-util-6.1.14.jar:6.1.14]
10/10 03:08:21:173 log ERROR invoke0              -2   EXCEPTION 
java.lang.NullPointerException: null
	at ring.middleware.session$wrap_session$fn__6696.invoke(session.clj:47) ~[na:na]
	at ring.middleware.cookies$wrap_cookies$fn__5577.invoke(cookies.clj:123) ~[na:na]
	at clojure.lang.Var.invoke(Var.java:365) ~[clojure-1.2.0.jar:na]
	at ring.middleware.file$wrap_file$fn__6725.invoke(file.clj:28) ~[na:na]
	at ring.middleware.file_info$wrap_file_info$fn__6715.invoke(file_info.clj:100) ~[na:na]
	at ring.adapter.jetty$proxy_handler$fn__6600.invoke(jetty.clj:16) ~[na:na]
	at ring.adapter.jetty.proxy$org.mortbay.jetty.handler.AbstractHandler$0.handle(Unknown Source) ~[na:na]
	at org.mortbay.jetty.handler.HandlerWrapper.handle(HandlerWrapper.java:152) ~[jetty-6.1.14.jar:6.1.14]
	at org.mortbay.jetty.Server.handle(Server.java:324) ~[jetty-6.1.14.jar:6.1.14]
	at org.mortbay.jetty.HttpConnection.handleRequest(HttpConnection.java:534) ~[jetty-6.1.14.jar:6.1.14]
	at org.mortbay.jetty.HttpConnection$RequestHandler.headerComplete(HttpConnection.java:864) ~[jetty-6.1.14.jar:6.1.14]
	at org.mortbay.jetty.HttpParser.parseNext(HttpParser.java:533) ~[jetty-6.1.14.jar:6.1.14]
	at org.mortbay.jetty.HttpParser.parseAvailable(HttpParser.java:207) ~[jetty-6.1.14.jar:6.1.14]
	at org.mortbay.jetty.HttpConnection.handle(HttpConnection.java:403) ~[jetty-6.1.14.jar:6.1.14]
	at org.mortbay.jetty.bio.SocketConnector$Connection.run(SocketConnector.java:228) [jetty-6.1.14.jar:6.1.14]
	at org.mortbay.thread.QueuedThreadPool$PoolThread.run(QueuedThreadPool.java:522) [jetty-util-6.1.14.jar:6.1.14]
10/10 04:25:15:173 log INFO  invoke0              -2   Logging to Logger[org.mortbay.log] via org.mortbay.log.Slf4jLog
10/10 04:25:15:179 log INFO  invoke0              -2   jetty-6.1.14
10/10 04:25:15:198 log INFO  invoke0              -2   Started SocketConnector@0.0.0.0:8080
10/10 04:25:18:416 log ERROR invoke0              -2   EXCEPTION 
java.lang.NullPointerException: null
	at ring.middleware.session$wrap_session$fn__5826.invoke(session.clj:47) ~[na:na]
	at ring.middleware.cookies$wrap_cookies$fn__4707.invoke(cookies.clj:123) ~[na:na]
	at clojure.lang.Var.invoke(Var.java:365) ~[clojure-1.2.0.jar:na]
	at ring.middleware.file$wrap_file$fn__5855.invoke(file.clj:28) ~[na:na]
	at ring.middleware.file_info$wrap_file_info$fn__5845.invoke(file_info.clj:100) ~[na:na]
	at ring.adapter.jetty$proxy_handler$fn__5730.invoke(jetty.clj:16) ~[na:na]
	at ring.adapter.jetty.proxy$org.mortbay.jetty.handler.AbstractHandler$0.handle(Unknown Source) ~[na:na]
	at org.mortbay.jetty.handler.HandlerWrapper.handle(HandlerWrapper.java:152) ~[jetty-6.1.14.jar:6.1.14]
	at org.mortbay.jetty.Server.handle(Server.java:324) ~[jetty-6.1.14.jar:6.1.14]
	at org.mortbay.jetty.HttpConnection.handleRequest(HttpConnection.java:534) ~[jetty-6.1.14.jar:6.1.14]
	at org.mortbay.jetty.HttpConnection$RequestHandler.headerComplete(HttpConnection.java:864) ~[jetty-6.1.14.jar:6.1.14]
	at org.mortbay.jetty.HttpParser.parseNext(HttpParser.java:533) ~[jetty-6.1.14.jar:6.1.14]
	at org.mortbay.jetty.HttpParser.parseAvailable(HttpParser.java:207) ~[jetty-6.1.14.jar:6.1.14]
	at org.mortbay.jetty.HttpConnection.handle(HttpConnection.java:403) ~[jetty-6.1.14.jar:6.1.14]
	at org.mortbay.jetty.bio.SocketConnector$Connection.run(SocketConnector.java:228) [jetty-6.1.14.jar:6.1.14]
	at org.mortbay.thread.QueuedThreadPool$PoolThread.run(QueuedThreadPool.java:522) [jetty-util-6.1.14.jar:6.1.14]
10/10 04:33:06:791 log ERROR invoke0              -2   EXCEPTION 
java.lang.NullPointerException: null
	at ring.middleware.session$wrap_session$fn__5826.invoke(session.clj:47) ~[na:na]
	at ring.middleware.cookies$wrap_cookies$fn__4707.invoke(cookies.clj:123) ~[na:na]
	at clojure.lang.Var.invoke(Var.java:365) ~[clojure-1.2.0.jar:na]
	at ring.middleware.file$wrap_file$fn__5855.invoke(file.clj:28) ~[na:na]
	at ring.middleware.file_info$wrap_file_info$fn__5845.invoke(file_info.clj:100) ~[na:na]
	at ring.adapter.jetty$proxy_handler$fn__5730.invoke(jetty.clj:16) ~[na:na]
	at ring.adapter.jetty.proxy$org.mortbay.jetty.handler.AbstractHandler$0.handle(Unknown Source) ~[na:na]
	at org.mortbay.jetty.handler.HandlerWrapper.handle(HandlerWrapper.java:152) ~[jetty-6.1.14.jar:6.1.14]
	at org.mortbay.jetty.Server.handle(Server.java:324) ~[jetty-6.1.14.jar:6.1.14]
	at org.mortbay.jetty.HttpConnection.handleRequest(HttpConnection.java:534) ~[jetty-6.1.14.jar:6.1.14]
	at org.mortbay.jetty.HttpConnection$RequestHandler.headerComplete(HttpConnection.java:864) ~[jetty-6.1.14.jar:6.1.14]
	at org.mortbay.jetty.HttpParser.parseNext(HttpParser.java:533) ~[jetty-6.1.14.jar:6.1.14]
	at org.mortbay.jetty.HttpParser.parseAvailable(HttpParser.java:207) ~[jetty-6.1.14.jar:6.1.14]
	at org.mortbay.jetty.HttpConnection.handle(HttpConnection.java:403) ~[jetty-6.1.14.jar:6.1.14]
	at org.mortbay.jetty.bio.SocketConnector$Connection.run(SocketConnector.java:228) [jetty-6.1.14.jar:6.1.14]
	at org.mortbay.thread.QueuedThreadPool$PoolThread.run(QueuedThreadPool.java:522) [jetty-util-6.1.14.jar:6.1.14]
